[4]read_checksum: READ:0 INC:4 MAX:0
-------------
[4]apply_named_rule: rules
[4]rule_store: Rule Created: sbison
[4]rule_store: Rule Created: sflex
[4]rule_store: Rule Created: ccompile
[4]apply_named_rule: files
[4]auto_gen_for_file: bash-make.c
[4]rule_search_ext: 50 51 .y .c
[4]rule_search_ext: 54 51 .l .c
[4]rule_search_ext: 51 51 .c .c
[4]auto_gen_for_file: found: bash-make.c compile by ccompile
[4]auto_gen_for_file: 
[4]auto_gen_for_file: 
[4]auto_gen_for_file: conststr.c
[4]rule_search_ext: 50 51 .y .c
[4]rule_search_ext: 54 51 .l .c
[4]rule_search_ext: 51 51 .c .c
[4]auto_gen_for_file: found: conststr.c compile by ccompile
[4]auto_gen_for_file: 
[4]auto_gen_for_file: 
[4]auto_gen_for_file: mls.c
[4]rule_search_ext: 50 51 .y .c
[4]rule_search_ext: 54 51 .l .c
[4]rule_search_ext: 51 51 .c .c
[4]auto_gen_for_file: found: mls.c compile by ccompile
[4]auto_gen_for_file: 
[4]auto_gen_for_file: 
[4]auto_gen_for_file: njson_lex.c
[4]rule_search_ext: 50 51 .y .c
[4]rule_search_ext: 54 51 .l .c
[4]rule_search_ext: 51 51 .c .c
[4]auto_gen_for_file: found: njson_lex.c compile by ccompile
[4]auto_gen_for_file: 
[4]auto_gen_for_file: 
[4]auto_gen_for_file: njson_parse.c
[4]rule_search_ext: 50 51 .y .c
[4]rule_search_ext: 54 51 .l .c
[4]rule_search_ext: 51 51 .c .c
[4]auto_gen_for_file: found: njson_parse.c compile by ccompile
[4]auto_gen_for_file: 
[4]auto_gen_for_file: 
[4]auto_gen_for_file: njson_parse.tab.c
[4]rule_search_ext: 50 75 .y .tab.c
[4]rule_search_ext: 54 75 .l .tab.c
[4]rule_search_ext: 51 75 .c .tab.c
[4]auto_gen_for_file: 
[4]auto_gen_for_file: 
[4]auto_gen_for_file: njson_read.c
[4]rule_search_ext: 50 51 .y .c
[4]rule_search_ext: 54 51 .l .c
[4]rule_search_ext: 51 51 .c .c
[4]auto_gen_for_file: found: njson_read.c compile by ccompile
[4]auto_gen_for_file: 
[4]auto_gen_for_file: 
[4]auto_gen_for_file: rule-expand.c
[4]rule_search_ext: 50 51 .y .c
[4]rule_search_ext: 54 51 .l .c
[4]rule_search_ext: 51 51 .c .c
[4]auto_gen_for_file: found: rule-expand.c compile by ccompile
[4]auto_gen_for_file: 
[4]auto_gen_for_file: 
WARNING: bash-make.c Line: 1907 Function: cmd_files
empty str
[4]cmd_files: leaving
[4]apply_named_rule: nodes
[4]apply_named_rule: loop_count
[4]prepare_nodes: update nodes and cache
[4]filesunchanged_checksum: changed: bash-make.o. LEN=0
[4]find_nodes: Node NOT in cached: 0
[4]filesunchanged_checksum: changed: bash-make.c. LEN=0
[4]find_nodes: Node NOT in cached: 1
[4]filesunchanged_checksum: changed: conststr.c. LEN=0
[4]find_nodes: Node NOT in cached: 2
[4]filesunchanged_checksum: changed: mls.c. LEN=0
[4]find_nodes: Node NOT in cached: 3
[4]filesunchanged_checksum: changed: njson_lex.c. LEN=0
[4]find_nodes: Node NOT in cached: 4
[4]filesunchanged_checksum: changed: njson_parse.c. LEN=0
[4]find_nodes: Node NOT in cached: 5
[4]filesunchanged_checksum: changed: njson_read.c. LEN=0
[4]find_nodes: Node NOT in cached: 6
[4]filesunchanged_checksum: changed: rule-expand.c. LEN=0
[4]find_nodes: Node NOT in cached: 7
[4]dump_bf_names: 24 bash-make
[4]dump_bf_names: 27 bash-make.o
[4]dump_bf_names: 28 conststr.o
[4]dump_bf_names: 29 mls.o
[4]dump_bf_names: 30 njson_lex.o
[4]dump_bf_names: 31 njson_parse.o
[4]find_nodes: deps of node0
[4]dump_bf_names: 27 bash-make.o
[4]dump_bf_names: 28 conststr.o
[4]dump_bf_names: 29 mls.o
[4]dump_bf_names: 30 njson_lex.o
[4]dump_bf_names: 31 njson_parse.o
[4]find_nodes: todo node nr:1
[4]find_nodes: todo node nr:2
[4]find_nodes: todo node nr:3
[4]find_nodes: todo node nr:4
[4]find_nodes: todo node nr:5
[4]find_nodes: todo node nr:6
[4]find_nodes: todo node nr:7
[4]export_bash_command: starting 7 jobs
[4]conststr_stats: Count: 56
[4]conststr_stats: Memory: 1367
global_state='(rules: (  ) ,files:"",nodes: (  ( OUT: ( "bash-make" ) ,IN: ( "bash-make.o","conststr.o","mls.o","njson_lex.o","njson_parse.o","njson_parse.o","njson_read.o","rule-expand.o" ) ,REC:"slink",exit_code:"1",id:"1" ) , ( REC:"ccompile",IN: ( "bash-make.c" ) ,OUT: ( "bash-make.o" ) ,exit_code:"1",id:"2" ) , ( REC:"ccompile",IN: ( "conststr.c" ) ,OUT: ( "conststr.o" ) ,exit_code:"1",id:"3" ) , ( REC:"ccompile",IN: ( "mls.c" ) ,OUT: ( "mls.o" ) ,exit_code:"1",id:"4" ) , ( REC:"ccompile",IN: ( "njson_lex.c" ) ,OUT: ( "njson_lex.o" ) ,exit_code:"1",id:"5" ) , ( REC:"ccompile",IN: ( "njson_parse.c" ) ,OUT: ( "njson_parse.o" ) ,exit_code:"1",id:"6" ) , ( REC:"ccompile",IN: ( "njson_read.c" ) ,OUT: ( "njson_read.o" ) ,exit_code:"1",id:"7" ) , ( REC:"ccompile",IN: ( "rule-expand.c" ) ,OUT: ( "rule-expand.o" ) ,exit_code:"1",id:"8" )  ) ,loop_count:"1")'
nr_jobs=7
node2() {
IN=(bash-make.c )
OUT=(bash-make.o )
ccompile
store-result 2 $?
}
node3() {
IN=(conststr.c )
OUT=(conststr.o )
ccompile
store-result 3 $?
}
node4() {
IN=(mls.c )
OUT=(mls.o )
ccompile
store-result 4 $?
}
node5() {
IN=(njson_lex.c )
OUT=(njson_lex.o )
ccompile
store-result 5 $?
}
node6() {
IN=(njson_parse.c )
OUT=(njson_parse.o )
ccompile
store-result 6 $?
}
node7() {
IN=(njson_read.c )
OUT=(njson_read.o )
ccompile
store-result 7 $?
}
node8() {
IN=(rule-expand.c )
OUT=(rule-expand.o )
ccompile
store-result 8 $?
}
nodes_ready=(2 3 4 5 6 7 8 )
[4]main: error codes: 3
[4]main: error codes: 9
[4]main: error codes: 4
[4]main: error codes: 9
[4]main: error codes: 5
[4]main: error codes: 9
[4]main: error codes: 6
[4]main: error codes: 9
[4]main: error codes: 7
[4]main: error codes: 9
[4]main: error codes: 8
[4]main: error codes: 9
[4]main: error codes: 2
[4]main: error codes: 0
[4]read_checksum: READ:0 INC:4 MAX:0
-------------
[4]apply_named_rule: rules
[4]apply_named_rule: files
WARNING: bash-make.c Line: 1899 Function: cmd_files
wrong arg list 3
WARNING: bash-make.c Line: 1907 Function: cmd_files
empty str
[4]cmd_files: leaving
[4]apply_named_rule: nodes
[4]apply_named_rule: loop_count
[4]prepare_nodes: update nodes and cache
[4]prepare_nodes: set exit code 0 on node 2
[4]prepare_nodes: set exit code 9 on node 3
[4]prepare_nodes: set exit code 9 on node 4
[4]prepare_nodes: set exit code 9 on node 5
[4]prepare_nodes: set exit code 9 on node 6
[4]prepare_nodes: set exit code 9 on node 7
[4]prepare_nodes: set exit code 9 on node 8
[4]filesunchanged_checksum: changed: bash-make.o. LEN=0
[4]find_nodes: Node NOT in cached: 0
[4]filesunchanged_checksum: changed: conststr.c. LEN=0
[4]find_nodes: Node NOT in cached: 2
[4]filesunchanged_checksum: changed: mls.c. LEN=0
[4]find_nodes: Node NOT in cached: 3
[4]filesunchanged_checksum: changed: njson_lex.c. LEN=0
[4]find_nodes: Node NOT in cached: 4
[4]filesunchanged_checksum: changed: njson_parse.c. LEN=0
[4]find_nodes: Node NOT in cached: 5
[4]filesunchanged_checksum: changed: njson_read.c. LEN=0
[4]find_nodes: Node NOT in cached: 6
[4]filesunchanged_checksum: changed: rule-expand.c. LEN=0
[4]find_nodes: Node NOT in cached: 7
[4]dump_bf_names: 17 bash-make
[4]dump_bf_names: 21 conststr.o
[4]dump_bf_names: 22 mls.o
[4]dump_bf_names: 23 njson_lex.o
[4]dump_bf_names: 24 njson_parse.o
[4]dump_bf_names: 25 njson_read.o
[4]dump_bf_names: 26 rule-expand.o
[4]find_nodes: deps of node0
[4]dump_bf_names: 20 bash-make.o
[4]dump_bf_names: 21 conststr.o
[4]dump_bf_names: 22 mls.o
[4]dump_bf_names: 23 njson_lex.o
[4]dump_bf_names: 24 njson_parse.o
[4]dump_bf_names: 25 njson_read.o
[4]dump_bf_names: 26 rule-expand.o
[4]find_nodes: todo node nr:2
[4]find_nodes: todo node nr:3
[4]find_nodes: todo node nr:4
[4]find_nodes: todo node nr:5
[4]find_nodes: todo node nr:6
[4]find_nodes: todo node nr:7
[4]export_bash_command: starting 0 jobs
[4]update_checksum_file: bash-make.o:Wed Sep  4 18:21:45 2024

[4]update_checksum_file: bash-make.c:Wed Sep  4 15:47:42 2024

[4]conststr_stats: Count: 45
[4]conststr_stats: Memory: 1033
global_state='(rules: (  ) ,files:"",nodes: (  ( OUT: ( "bash-make" ) ,IN: ( "bash-make.o","conststr.o","mls.o","njson_lex.o","njson_parse.o","njson_parse.o","njson_read.o","rule-expand.o" ) ,REC:"slink",exit_code:"1",id:"1" ) , ( REC:"ccompile",IN: ( "bash-make.c" ) ,OUT: ( "bash-make.o" ) ,exit_code:"0",id:"2" ) , ( REC:"ccompile",IN: ( "conststr.c" ) ,OUT: ( "conststr.o" ) ,exit_code:"9",id:"3" ) , ( REC:"ccompile",IN: ( "mls.c" ) ,OUT: ( "mls.o" ) ,exit_code:"9",id:"4" ) , ( REC:"ccompile",IN: ( "njson_lex.c" ) ,OUT: ( "njson_lex.o" ) ,exit_code:"9",id:"5" ) , ( REC:"ccompile",IN: ( "njson_parse.c" ) ,OUT: ( "njson_parse.o" ) ,exit_code:"9",id:"6" ) , ( REC:"ccompile",IN: ( "njson_read.c" ) ,OUT: ( "njson_read.o" ) ,exit_code:"9",id:"7" ) , ( REC:"ccompile",IN: ( "rule-expand.c" ) ,OUT: ( "rule-expand.o" ) ,exit_code:"9",id:"8" )  ) ,loop_count:"2")'
nr_jobs=0
nodes_ready=()
[4]main: error codes: 4
[4]main: error codes: 9
[4]main: error codes: 5
[4]main: error codes: 9
[4]main: error codes: 6
[4]main: error codes: 9
[4]main: error codes: 7
[4]main: error codes: 9
[4]main: error codes: 8
[4]main: error codes: 9
[4]main: error codes: 3
[4]main: error codes: 0
[4]read_checksum: READ:2 INC:4 MAX:2
0 bash-make.c Wed Sep  4 15:47:42 2024

1 bash-make.o Wed Sep  4 18:21:45 2024

-------------
[4]apply_named_rule: rules
[4]apply_named_rule: files
WARNING: bash-make.c Line: 1899 Function: cmd_files
wrong arg list 3
WARNING: bash-make.c Line: 1907 Function: cmd_files
empty str
[4]cmd_files: leaving
[4]apply_named_rule: nodes
[4]apply_named_rule: loop_count
[4]prepare_nodes: update nodes and cache
[4]prepare_nodes: set exit code 0 on node 3
[4]prepare_nodes: set exit code 9 on node 4
[4]prepare_nodes: set exit code 9 on node 5
[4]prepare_nodes: set exit code 9 on node 6
[4]prepare_nodes: set exit code 9 on node 7
[4]prepare_nodes: set exit code 9 on node 8
[4]filesunchanged_checksum: changed: conststr.o. LEN=2
[4]find_nodes: Node NOT in cached: 0
[4]filesunchanged_checksum: changed: mls.c. LEN=2
[4]find_nodes: Node NOT in cached: 3
[4]filesunchanged_checksum: changed: njson_lex.c. LEN=2
[4]find_nodes: Node NOT in cached: 4
[4]filesunchanged_checksum: changed: njson_parse.c. LEN=2
[4]find_nodes: Node NOT in cached: 5
[4]filesunchanged_checksum: changed: njson_read.c. LEN=2
[4]find_nodes: Node NOT in cached: 6
[4]filesunchanged_checksum: changed: rule-expand.c. LEN=2
[4]find_nodes: Node NOT in cached: 7
[4]dump_bf_names: 17 bash-make
[4]dump_bf_names: 22 mls.o
[4]dump_bf_names: 23 njson_lex.o
[4]dump_bf_names: 24 njson_parse.o
[4]dump_bf_names: 25 njson_read.o
[4]dump_bf_names: 26 rule-expand.o
[4]find_nodes: deps of node0
[4]dump_bf_names: 20 bash-make.o
[4]dump_bf_names: 21 conststr.o
[4]dump_bf_names: 22 mls.o
[4]dump_bf_names: 23 njson_lex.o
[4]dump_bf_names: 24 njson_parse.o
[4]dump_bf_names: 25 njson_read.o
[4]dump_bf_names: 26 rule-expand.o
[4]find_nodes: todo node nr:3
[4]find_nodes: todo node nr:4
[4]find_nodes: todo node nr:5
[4]find_nodes: todo node nr:6
[4]find_nodes: todo node nr:7
[4]export_bash_command: starting 0 jobs
[4]update_checksum_file: conststr.o:Wed Sep  4 18:21:45 2024

[4]update_checksum_file: conststr.c:Mon Jul 22 12:19:01 2024

[4]conststr_stats: Count: 45
[4]conststr_stats: Memory: 1033
global_state='(rules: (  ) ,files:"",nodes: (  ( OUT: ( "bash-make" ) ,IN: ( "bash-make.o","conststr.o","mls.o","njson_lex.o","njson_parse.o","njson_parse.o","njson_read.o","rule-expand.o" ) ,REC:"slink",exit_code:"1",id:"1" ) , ( REC:"ccompile",IN: ( "bash-make.c" ) ,OUT: ( "bash-make.o" ) ,exit_code:"0",id:"2" ) , ( REC:"ccompile",IN: ( "conststr.c" ) ,OUT: ( "conststr.o" ) ,exit_code:"0",id:"3" ) , ( REC:"ccompile",IN: ( "mls.c" ) ,OUT: ( "mls.o" ) ,exit_code:"9",id:"4" ) , ( REC:"ccompile",IN: ( "njson_lex.c" ) ,OUT: ( "njson_lex.o" ) ,exit_code:"9",id:"5" ) , ( REC:"ccompile",IN: ( "njson_parse.c" ) ,OUT: ( "njson_parse.o" ) ,exit_code:"9",id:"6" ) , ( REC:"ccompile",IN: ( "njson_read.c" ) ,OUT: ( "njson_read.o" ) ,exit_code:"9",id:"7" ) , ( REC:"ccompile",IN: ( "rule-expand.c" ) ,OUT: ( "rule-expand.o" ) ,exit_code:"9",id:"8" )  ) ,loop_count:"3")'
nr_jobs=0
nodes_ready=()
[4]main: error codes: 5
[4]main: error codes: 9
[4]main: error codes: 6
[4]main: error codes: 9
[4]main: error codes: 7
[4]main: error codes: 9
[4]main: error codes: 8
[4]main: error codes: 9
[4]main: error codes: 4
[4]main: error codes: 0
[4]read_checksum: READ:0 INC:8 MAX:4
0 bash-make.c Wed Sep  4 15:47:42 2024

1 bash-make.o Wed Sep  4 18:21:45 2024

2 conststr.c Mon Jul 22 12:19:01 2024

3 conststr.o Wed Sep  4 18:21:45 2024

-------------
[4]apply_named_rule: rules
[4]apply_named_rule: files
WARNING: bash-make.c Line: 1899 Function: cmd_files
wrong arg list 3
WARNING: bash-make.c Line: 1907 Function: cmd_files
empty str
[4]cmd_files: leaving
[4]apply_named_rule: nodes
[4]apply_named_rule: loop_count
[4]prepare_nodes: update nodes and cache
[4]prepare_nodes: set exit code 0 on node 4
[4]prepare_nodes: set exit code 9 on node 5
[4]prepare_nodes: set exit code 9 on node 6
[4]prepare_nodes: set exit code 9 on node 7
[4]prepare_nodes: set exit code 9 on node 8
[4]filesunchanged_checksum: changed: mls.o. LEN=4
[4]find_nodes: Node NOT in cached: 0
[4]filesunchanged_checksum: changed: njson_lex.c. LEN=4
[4]find_nodes: Node NOT in cached: 4
[4]filesunchanged_checksum: changed: njson_parse.c. LEN=4
[4]find_nodes: Node NOT in cached: 5
[4]filesunchanged_checksum: changed: njson_read.c. LEN=4
[4]find_nodes: Node NOT in cached: 6
[4]filesunchanged_checksum: changed: rule-expand.c. LEN=4
[4]find_nodes: Node NOT in cached: 7
[4]dump_bf_names: 17 bash-make
[4]dump_bf_names: 23 njson_lex.o
[4]dump_bf_names: 24 njson_parse.o
[4]dump_bf_names: 25 njson_read.o
[4]dump_bf_names: 26 rule-expand.o
[4]find_nodes: deps of node0
[4]dump_bf_names: 20 bash-make.o
[4]dump_bf_names: 21 conststr.o
[4]dump_bf_names: 22 mls.o
[4]dump_bf_names: 23 njson_lex.o
[4]dump_bf_names: 24 njson_parse.o
[4]dump_bf_names: 25 njson_read.o
[4]dump_bf_names: 26 rule-expand.o
[4]find_nodes: todo node nr:4
[4]find_nodes: todo node nr:5
[4]find_nodes: todo node nr:6
[4]find_nodes: todo node nr:7
[4]export_bash_command: starting 0 jobs
[4]update_checksum_file: mls.o:Wed Sep  4 18:21:45 2024

[4]update_checksum_file: mls.c:Mon Jul 22 12:19:01 2024

[4]conststr_stats: Count: 45
[4]conststr_stats: Memory: 1033
global_state='(rules: (  ) ,files:"",nodes: (  ( OUT: ( "bash-make" ) ,IN: ( "bash-make.o","conststr.o","mls.o","njson_lex.o","njson_parse.o","njson_parse.o","njson_read.o","rule-expand.o" ) ,REC:"slink",exit_code:"1",id:"1" ) , ( REC:"ccompile",IN: ( "bash-make.c" ) ,OUT: ( "bash-make.o" ) ,exit_code:"0",id:"2" ) , ( REC:"ccompile",IN: ( "conststr.c" ) ,OUT: ( "conststr.o" ) ,exit_code:"0",id:"3" ) , ( REC:"ccompile",IN: ( "mls.c" ) ,OUT: ( "mls.o" ) ,exit_code:"0",id:"4" ) , ( REC:"ccompile",IN: ( "njson_lex.c" ) ,OUT: ( "njson_lex.o" ) ,exit_code:"9",id:"5" ) , ( REC:"ccompile",IN: ( "njson_parse.c" ) ,OUT: ( "njson_parse.o" ) ,exit_code:"9",id:"6" ) , ( REC:"ccompile",IN: ( "njson_read.c" ) ,OUT: ( "njson_read.o" ) ,exit_code:"9",id:"7" ) , ( REC:"ccompile",IN: ( "rule-expand.c" ) ,OUT: ( "rule-expand.o" ) ,exit_code:"9",id:"8" )  ) ,loop_count:"4")'
nr_jobs=0
nodes_ready=()
[4]main: error codes: 6
[4]main: error codes: 9
[4]main: error codes: 7
[4]main: error codes: 9
[4]main: error codes: 8
[4]main: error codes: 9
[4]main: error codes: 5
[4]main: error codes: 0
[4]read_checksum: READ:2 INC:8 MAX:6
0 bash-make.c Wed Sep  4 15:47:42 2024

1 bash-make.o Wed Sep  4 18:21:45 2024

2 conststr.c Mon Jul 22 12:19:01 2024

3 conststr.o Wed Sep  4 18:21:45 2024

4 mls.c Mon Jul 22 12:19:01 2024

5 mls.o Wed Sep  4 18:21:45 2024

-------------
[4]apply_named_rule: rules
[4]apply_named_rule: files
WARNING: bash-make.c Line: 1899 Function: cmd_files
wrong arg list 3
WARNING: bash-make.c Line: 1907 Function: cmd_files
empty str
[4]cmd_files: leaving
[4]apply_named_rule: nodes
[4]apply_named_rule: loop_count
[4]prepare_nodes: update nodes and cache
[4]prepare_nodes: set exit code 0 on node 5
[4]prepare_nodes: set exit code 9 on node 6
[4]prepare_nodes: set exit code 9 on node 7
[4]prepare_nodes: set exit code 9 on node 8
[4]filesunchanged_checksum: changed: njson_lex.o. LEN=6
[4]find_nodes: Node NOT in cached: 0
[4]filesunchanged_checksum: changed: njson_parse.c. LEN=6
[4]find_nodes: Node NOT in cached: 5
[4]filesunchanged_checksum: changed: njson_read.c. LEN=6
[4]find_nodes: Node NOT in cached: 6
[4]filesunchanged_checksum: changed: rule-expand.c. LEN=6
[4]find_nodes: Node NOT in cached: 7
[4]dump_bf_names: 17 bash-make
[4]dump_bf_names: 24 njson_parse.o
[4]dump_bf_names: 25 njson_read.o
[4]dump_bf_names: 26 rule-expand.o
[4]find_nodes: deps of node0
[4]dump_bf_names: 20 bash-make.o
[4]dump_bf_names: 21 conststr.o
[4]dump_bf_names: 22 mls.o
[4]dump_bf_names: 23 njson_lex.o
[4]dump_bf_names: 24 njson_parse.o
[4]dump_bf_names: 25 njson_read.o
[4]dump_bf_names: 26 rule-expand.o
[4]find_nodes: todo node nr:5
[4]find_nodes: todo node nr:6
[4]find_nodes: todo node nr:7
[4]export_bash_command: starting 0 jobs
[4]update_checksum_file: njson_lex.o:Wed Sep  4 18:21:45 2024

[4]update_checksum_file: njson_lex.c:Tue Sep  3 17:51:49 2024

[4]conststr_stats: Count: 45
[4]conststr_stats: Memory: 1033
global_state='(rules: (  ) ,files:"",nodes: (  ( OUT: ( "bash-make" ) ,IN: ( "bash-make.o","conststr.o","mls.o","njson_lex.o","njson_parse.o","njson_parse.o","njson_read.o","rule-expand.o" ) ,REC:"slink",exit_code:"1",id:"1" ) , ( REC:"ccompile",IN: ( "bash-make.c" ) ,OUT: ( "bash-make.o" ) ,exit_code:"0",id:"2" ) , ( REC:"ccompile",IN: ( "conststr.c" ) ,OUT: ( "conststr.o" ) ,exit_code:"0",id:"3" ) , ( REC:"ccompile",IN: ( "mls.c" ) ,OUT: ( "mls.o" ) ,exit_code:"0",id:"4" ) , ( REC:"ccompile",IN: ( "njson_lex.c" ) ,OUT: ( "njson_lex.o" ) ,exit_code:"0",id:"5" ) , ( REC:"ccompile",IN: ( "njson_parse.c" ) ,OUT: ( "njson_parse.o" ) ,exit_code:"9",id:"6" ) , ( REC:"ccompile",IN: ( "njson_read.c" ) ,OUT: ( "njson_read.o" ) ,exit_code:"9",id:"7" ) , ( REC:"ccompile",IN: ( "rule-expand.c" ) ,OUT: ( "rule-expand.o" ) ,exit_code:"9",id:"8" )  ) ,loop_count:"5")'
nr_jobs=0
nodes_ready=()
[4]main: error codes: 7
[4]main: error codes: 9
[4]main: error codes: 8
[4]main: error codes: 9
[4]main: error codes: 6
[4]main: error codes: 0
[4]read_checksum: READ:4 INC:8 MAX:8
0 bash-make.c Wed Sep  4 15:47:42 2024

1 bash-make.o Wed Sep  4 18:21:45 2024

2 conststr.c Mon Jul 22 12:19:01 2024

3 conststr.o Wed Sep  4 18:21:45 2024

4 mls.c Mon Jul 22 12:19:01 2024

5 mls.o Wed Sep  4 18:21:45 2024

6 njson_lex.c Tue Sep  3 17:51:49 2024

7 njson_lex.o Wed Sep  4 18:21:45 2024

-------------
[4]apply_named_rule: rules
[4]apply_named_rule: files
WARNING: bash-make.c Line: 1899 Function: cmd_files
wrong arg list 3
WARNING: bash-make.c Line: 1907 Function: cmd_files
empty str
[4]cmd_files: leaving
[4]apply_named_rule: nodes
[4]apply_named_rule: loop_count
[4]prepare_nodes: update nodes and cache
[4]prepare_nodes: set exit code 0 on node 6
[4]prepare_nodes: set exit code 9 on node 7
[4]prepare_nodes: set exit code 9 on node 8
[4]filesunchanged_checksum: changed: njson_parse.o. LEN=8
[4]find_nodes: Node NOT in cached: 0
[4]filesunchanged_checksum: changed: njson_read.c. LEN=8
[4]find_nodes: Node NOT in cached: 6
[4]filesunchanged_checksum: changed: rule-expand.c. LEN=8
[4]find_nodes: Node NOT in cached: 7
[4]dump_bf_names: 17 bash-make
[4]dump_bf_names: 25 njson_read.o
[4]dump_bf_names: 26 rule-expand.o
[4]find_nodes: deps of node0
[4]dump_bf_names: 20 bash-make.o
[4]dump_bf_names: 21 conststr.o
[4]dump_bf_names: 22 mls.o
[4]dump_bf_names: 23 njson_lex.o
[4]dump_bf_names: 24 njson_parse.o
[4]dump_bf_names: 25 njson_read.o
[4]dump_bf_names: 26 rule-expand.o
[4]find_nodes: todo node nr:6
[4]find_nodes: todo node nr:7
[4]export_bash_command: starting 0 jobs
[4]update_checksum_file: njson_parse.o:Wed Sep  4 18:21:45 2024

[4]update_checksum_file: njson_parse.c:Tue Sep  3 17:08:03 2024

[4]conststr_stats: Count: 45
[4]conststr_stats: Memory: 1033
global_state='(rules: (  ) ,files:"",nodes: (  ( OUT: ( "bash-make" ) ,IN: ( "bash-make.o","conststr.o","mls.o","njson_lex.o","njson_parse.o","njson_parse.o","njson_read.o","rule-expand.o" ) ,REC:"slink",exit_code:"1",id:"1" ) , ( REC:"ccompile",IN: ( "bash-make.c" ) ,OUT: ( "bash-make.o" ) ,exit_code:"0",id:"2" ) , ( REC:"ccompile",IN: ( "conststr.c" ) ,OUT: ( "conststr.o" ) ,exit_code:"0",id:"3" ) , ( REC:"ccompile",IN: ( "mls.c" ) ,OUT: ( "mls.o" ) ,exit_code:"0",id:"4" ) , ( REC:"ccompile",IN: ( "njson_lex.c" ) ,OUT: ( "njson_lex.o" ) ,exit_code:"0",id:"5" ) , ( REC:"ccompile",IN: ( "njson_parse.c" ) ,OUT: ( "njson_parse.o" ) ,exit_code:"0",id:"6" ) , ( REC:"ccompile",IN: ( "njson_read.c" ) ,OUT: ( "njson_read.o" ) ,exit_code:"9",id:"7" ) , ( REC:"ccompile",IN: ( "rule-expand.c" ) ,OUT: ( "rule-expand.o" ) ,exit_code:"9",id:"8" )  ) ,loop_count:"6")'
nr_jobs=0
nodes_ready=()
[4]main: error codes: 8
[4]main: error codes: 9
[4]main: error codes: 7
[4]main: error codes: 0
[4]read_checksum: READ:6 INC:8 MAX:10
0 bash-make.c Wed Sep  4 15:47:42 2024

1 bash-make.o Wed Sep  4 18:21:45 2024

2 conststr.c Mon Jul 22 12:19:01 2024

3 conststr.o Wed Sep  4 18:21:45 2024

4 mls.c Mon Jul 22 12:19:01 2024

5 mls.o Wed Sep  4 18:21:45 2024

6 njson_lex.c Tue Sep  3 17:51:49 2024

7 njson_lex.o Wed Sep  4 18:21:45 2024

8 njson_parse.c Tue Sep  3 17:08:03 2024

9 njson_parse.o Wed Sep  4 18:21:45 2024

-------------
[4]apply_named_rule: rules
[4]apply_named_rule: files
WARNING: bash-make.c Line: 1899 Function: cmd_files
wrong arg list 3
WARNING: bash-make.c Line: 1907 Function: cmd_files
empty str
[4]cmd_files: leaving
[4]apply_named_rule: nodes
[4]apply_named_rule: loop_count
[4]prepare_nodes: update nodes and cache
[4]prepare_nodes: set exit code 0 on node 7
[4]prepare_nodes: set exit code 9 on node 8
[4]filesunchanged_checksum: changed: njson_read.o. LEN=10
[4]find_nodes: Node NOT in cached: 0
[4]filesunchanged_checksum: changed: rule-expand.c. LEN=10
[4]find_nodes: Node NOT in cached: 7
[4]dump_bf_names: 17 bash-make
[4]dump_bf_names: 26 rule-expand.o
[4]find_nodes: deps of node0
[4]dump_bf_names: 20 bash-make.o
[4]dump_bf_names: 21 conststr.o
[4]dump_bf_names: 22 mls.o
[4]dump_bf_names: 23 njson_lex.o
[4]dump_bf_names: 24 njson_parse.o
[4]dump_bf_names: 25 njson_read.o
[4]dump_bf_names: 26 rule-expand.o
[4]find_nodes: todo node nr:7
[4]export_bash_command: starting 0 jobs
[4]update_checksum_file: njson_read.o:Wed Sep  4 18:21:45 2024

[4]update_checksum_file: njson_read.c:Fri Aug 30 13:01:04 2024

[4]conststr_stats: Count: 45
[4]conststr_stats: Memory: 1033
global_state='(rules: (  ) ,files:"",nodes: (  ( OUT: ( "bash-make" ) ,IN: ( "bash-make.o","conststr.o","mls.o","njson_lex.o","njson_parse.o","njson_parse.o","njson_read.o","rule-expand.o" ) ,REC:"slink",exit_code:"1",id:"1" ) , ( REC:"ccompile",IN: ( "bash-make.c" ) ,OUT: ( "bash-make.o" ) ,exit_code:"0",id:"2" ) , ( REC:"ccompile",IN: ( "conststr.c" ) ,OUT: ( "conststr.o" ) ,exit_code:"0",id:"3" ) , ( REC:"ccompile",IN: ( "mls.c" ) ,OUT: ( "mls.o" ) ,exit_code:"0",id:"4" ) , ( REC:"ccompile",IN: ( "njson_lex.c" ) ,OUT: ( "njson_lex.o" ) ,exit_code:"0",id:"5" ) , ( REC:"ccompile",IN: ( "njson_parse.c" ) ,OUT: ( "njson_parse.o" ) ,exit_code:"0",id:"6" ) , ( REC:"ccompile",IN: ( "njson_read.c" ) ,OUT: ( "njson_read.o" ) ,exit_code:"0",id:"7" ) , ( REC:"ccompile",IN: ( "rule-expand.c" ) ,OUT: ( "rule-expand.o" ) ,exit_code:"9",id:"8" )  ) ,loop_count:"7")'
nr_jobs=0
nodes_ready=()
[4]main: error codes: 8
[4]main: error codes: 0
[4]read_checksum: READ:0 INC:16 MAX:12
0 bash-make.c Wed Sep  4 15:47:42 2024

1 bash-make.o Wed Sep  4 18:21:45 2024

2 conststr.c Mon Jul 22 12:19:01 2024

3 conststr.o Wed Sep  4 18:21:45 2024

4 mls.c Mon Jul 22 12:19:01 2024

5 mls.o Wed Sep  4 18:21:45 2024

6 njson_lex.c Tue Sep  3 17:51:49 2024

7 njson_lex.o Wed Sep  4 18:21:45 2024

8 njson_parse.c Tue Sep  3 17:08:03 2024

9 njson_parse.o Wed Sep  4 18:21:45 2024

10 njson_read.c Fri Aug 30 13:01:04 2024

11 njson_read.o Wed Sep  4 18:21:45 2024

-------------
[4]apply_named_rule: rules
[4]apply_named_rule: files
WARNING: bash-make.c Line: 1899 Function: cmd_files
wrong arg list 3
WARNING: bash-make.c Line: 1907 Function: cmd_files
empty str
[4]cmd_files: leaving
[4]apply_named_rule: nodes
[4]apply_named_rule: loop_count
[4]prepare_nodes: update nodes and cache
[4]prepare_nodes: set exit code 0 on node 8
[4]filesunchanged_checksum: changed: rule-expand.o. LEN=12
[4]find_nodes: Node NOT in cached: 0
[4]dump_bf_names: 17 bash-make
[4]find_nodes: deps of node0
[4]dump_bf_names: 20 bash-make.o
[4]dump_bf_names: 21 conststr.o
[4]dump_bf_names: 22 mls.o
[4]dump_bf_names: 23 njson_lex.o
[4]dump_bf_names: 24 njson_parse.o
[4]dump_bf_names: 25 njson_read.o
[4]dump_bf_names: 26 rule-expand.o
[4]find_nodes: todo node nr:0
[4]export_bash_command: starting 1 jobs
[4]update_checksum_file: rule-expand.o:Wed Sep  4 18:21:45 2024

[4]update_checksum_file: rule-expand.c:Mon Jul 22 12:19:01 2024

[4]conststr_stats: Count: 45
[4]conststr_stats: Memory: 1033
global_state='(rules: (  ) ,files:"",nodes: (  ( OUT: ( "bash-make" ) ,IN: ( "bash-make.o","conststr.o","mls.o","njson_lex.o","njson_parse.o","njson_parse.o","njson_read.o","rule-expand.o" ) ,REC:"slink",exit_code:"1",id:"1" ) , ( REC:"ccompile",IN: ( "bash-make.c" ) ,OUT: ( "bash-make.o" ) ,exit_code:"0",id:"2" ) , ( REC:"ccompile",IN: ( "conststr.c" ) ,OUT: ( "conststr.o" ) ,exit_code:"0",id:"3" ) , ( REC:"ccompile",IN: ( "mls.c" ) ,OUT: ( "mls.o" ) ,exit_code:"0",id:"4" ) , ( REC:"ccompile",IN: ( "njson_lex.c" ) ,OUT: ( "njson_lex.o" ) ,exit_code:"0",id:"5" ) , ( REC:"ccompile",IN: ( "njson_parse.c" ) ,OUT: ( "njson_parse.o" ) ,exit_code:"0",id:"6" ) , ( REC:"ccompile",IN: ( "njson_read.c" ) ,OUT: ( "njson_read.o" ) ,exit_code:"0",id:"7" ) , ( REC:"ccompile",IN: ( "rule-expand.c" ) ,OUT: ( "rule-expand.o" ) ,exit_code:"0",id:"8" )  ) ,loop_count:"8")'
nr_jobs=1
node1() {
IN=(bash-make.o conststr.o mls.o njson_lex.o njson_parse.o njson_parse.o njson_read.o rule-expand.o )
OUT=(bash-make )
slink
store-result 1 $?
}
nodes_ready=(1 )
./compile.sh: Zeile 152: ./bash-make: Datei oder Verzeichnis nicht gefunden

./compile.sh: Zeile 152: ./bash-make: Datei oder Verzeichnis nicht gefunden

./compile.sh: Zeile 152: ./bash-make: Datei oder Verzeichnis nicht gefunden

