This is TeX, Version 3.141592653 (TeX Live 2022/dev/Debian) (preloaded format=tex 2024.9.3)  3 SEP 2024 15:15
**ssxcc0.tex
(./ssxcc0.tex (/usr/share/texlive/texmf-dist/tex/plain/cweb/cwebmac.tex
\PPbox=\box16
\MMbox=\box17
\MGbox=\box18
\MODbox=\box19
\bak=\box20
\bakk=\box21
\ind=\count26
\gdepth=\count27
\secpagedepth=\count28
\gtitle=\toks12
\intersecskip=\skip18
\toksA=\toks13
\toksB=\toks14
\toksC=\toks15
\toksD=\toks16
\toksE=\toks17
\toksF=\toks18
\usersanitizer=\toks19
\countA=\count29
\countB=\count30
\countC=\count31
\pagewidth=\dimen16
\pageheight=\dimen17
\fullpageheight=\dimen18
\pageshift=\dimen19
\cont=\write0
\sbox=\box22
\lbox=\box23
\twodigits=\count32
) *1
[1] [2] [3] [4] [5] *6 [6] [7] [8] [9] [10] *14 [11] [12] [13] [14] *26
[15] [16] [17] [18] [19] [20] [21] *42 Index: (./ssxcc0.idx [22]) [23]
Section names: (./ssxcc0.scn) [24] Table of contents: (./ssxcc0.toc) [0] )
Output written on ssxcc0.dvi (25 pages, 94296 bytes).
