[4]apply_named_rule: rules
[4]rule_store: Rule Created: sbison
[4]rule_store: Rule Created: sflex
[4]rule_store: Rule Created: ccompile
[4]apply_named_rule: files
[4]auto_gen_for_file: bf.c
[4]rule_search_ext: 53 54 .y .c
[4]rule_search_ext: 57 54 .l .c
[4]rule_search_ext: 54 54 .c .c
[4]auto_gen_for_file: found: bf.c compile by ccompile
[4]auto_gen_for_file: 
[4]auto_gen_for_file: 
[4]auto_gen_for_file: mls.c
[4]rule_search_ext: 53 54 .y .c
[4]rule_search_ext: 57 54 .l .c
[4]rule_search_ext: 54 54 .c .c
[4]auto_gen_for_file: found: mls.c compile by ccompile
[4]auto_gen_for_file: 
[4]auto_gen_for_file: 
WARNING: bash-make.c Line: 1903 Function: cmd_files
empty str
[4]cmd_files: leaving
[4]apply_named_rule: nodes
[4]apply_named_rule: loop_count
[4]prepare_nodes: update nodes and cache
[4]filesunchanged_checksum: changed: bf.o. LEN=0
[4]find_nodes: Node NOT in cached: 0
[4]filesunchanged_checksum: changed: icon.svg. LEN=0
[4]find_nodes: Node NOT in cached: 1
[4]filesunchanged_checksum: changed: bf.c. LEN=0
[4]find_nodes: Node NOT in cached: 2
[4]filesunchanged_checksum: changed: mls.c. LEN=0
[4]find_nodes: Node NOT in cached: 3
[4]dump_bf_names: 24 bitfield
[4]dump_bf_names: 27 bf.o
[4]dump_bf_names: 28 mls.o
[4]dump_bf_names: 31 icon.png
[4]find_nodes: deps of node0
[4]dump_bf_names: 27 bf.o
[4]dump_bf_names: 28 mls.o
[4]dump_bf_names: 31 icon.png
[4]find_nodes: todo node nr:1
[4]find_nodes: todo node nr:2
[4]find_nodes: todo node nr:3
[4]export_bash_command: starting 3 jobs
[4]conststr_stats: Count: 44
[4]conststr_stats: Memory: 954
global_state='(rules: (  ) ,files:"",nodes: (  ( OUT: ( "bitfield" ) ,IN: ( "bf.o","mls.o" ) ,DEP: ( "icon.png" ) ,REC:"slink",exit_code:"1",id:"1" ) , ( OUT: ( "icon.png" ) ,IN: ( "icon.svg" ) ,REC:"svg2png",exit_code:"1",id:"2" ) , ( REC:"ccompile",IN: ( "bf.c" ) ,OUT: ( "bf.o" ) ,exit_code:"1",id:"3" ) , ( REC:"ccompile",IN: ( "mls.c" ) ,OUT: ( "mls.o" ) ,exit_code:"1",id:"4" )  ) ,loop_count:"1")'
nr_jobs=3
node2() {
IN=(icon.svg )
OUT=(icon.png )
svg2png
store-result 2 $?
}
node3() {
IN=(bf.c )
OUT=(bf.o )
ccompile
store-result 3 $?
}
node4() {
IN=(mls.c )
OUT=(mls.o )
ccompile
store-result 4 $?
}
nodes_ready=(2 3 4 )
[4]main: error codes: 3
[4]main: error codes: 9
[4]main: error codes: 4
[4]main: error codes: 9
[4]main: error codes: 2
[4]main: error codes: 0
[4]read_checksum: READ:0 INC:4 MAX:0
-------------
[4]apply_named_rule: rules
[4]apply_named_rule: files
WARNING: bash-make.c Line: 1895 Function: cmd_files
wrong arg list 3
WARNING: bash-make.c Line: 1903 Function: cmd_files
empty str
[4]cmd_files: leaving
[4]apply_named_rule: nodes
[4]apply_named_rule: loop_count
[4]prepare_nodes: update nodes and cache
[4]prepare_nodes: set exit code 0 on node 2
[4]prepare_nodes: set exit code 9 on node 3
[4]prepare_nodes: set exit code 9 on node 4
[4]filesunchanged_checksum: changed: bf.o. LEN=0
[4]find_nodes: Node NOT in cached: 0
[4]filesunchanged_checksum: changed: bf.c. LEN=0
[4]find_nodes: Node NOT in cached: 2
[4]filesunchanged_checksum: changed: mls.c. LEN=0
[4]find_nodes: Node NOT in cached: 3
[4]dump_bf_names: 17 bitfield
[4]dump_bf_names: 20 bf.o
[4]dump_bf_names: 21 mls.o
[4]find_nodes: deps of node0
[4]dump_bf_names: 20 bf.o
[4]dump_bf_names: 21 mls.o
[4]dump_bf_names: 24 icon.png
[4]find_nodes: todo node nr:2
[4]find_nodes: todo node nr:3
[4]export_bash_command: starting 0 jobs
[4]update_checksum_file: icon.png:Sun Sep 22 17:43:35 2024

[4]update_checksum_file: icon.svg:Sun Sep 22 17:37:45 2024

[4]conststr_stats: Count: 34
[4]conststr_stats: Memory: 732
global_state='(rules: (  ) ,files:"",nodes: (  ( OUT: ( "bitfield" ) ,IN: ( "bf.o","mls.o" ) ,DEP: ( "icon.png" ) ,REC:"slink",exit_code:"1",id:"1" ) , ( OUT: ( "icon.png" ) ,IN: ( "icon.svg" ) ,REC:"svg2png",exit_code:"0",id:"2" ) , ( REC:"ccompile",IN: ( "bf.c" ) ,OUT: ( "bf.o" ) ,exit_code:"9",id:"3" ) , ( REC:"ccompile",IN: ( "mls.c" ) ,OUT: ( "mls.o" ) ,exit_code:"9",id:"4" )  ) ,loop_count:"2")'
nr_jobs=0
nodes_ready=()
[4]main: error codes: 4
[4]main: error codes: 9
[4]main: error codes: 3
[4]main: error codes: 0
[4]read_checksum: READ:2 INC:4 MAX:2
0 icon.png Sun Sep 22 17:43:35 2024

1 icon.svg Sun Sep 22 17:37:45 2024

-------------
[4]apply_named_rule: rules
[4]apply_named_rule: files
WARNING: bash-make.c Line: 1895 Function: cmd_files
wrong arg list 3
WARNING: bash-make.c Line: 1903 Function: cmd_files
empty str
[4]cmd_files: leaving
[4]apply_named_rule: nodes
[4]apply_named_rule: loop_count
[4]prepare_nodes: update nodes and cache
[4]prepare_nodes: set exit code 0 on node 3
[4]prepare_nodes: set exit code 9 on node 4
[4]filesunchanged_checksum: changed: bf.o. LEN=2
[4]find_nodes: Node NOT in cached: 0
[4]filesunchanged_checksum: changed: mls.c. LEN=2
[4]find_nodes: Node NOT in cached: 3
[4]dump_bf_names: 17 bitfield
[4]dump_bf_names: 21 mls.o
[4]find_nodes: deps of node0
[4]dump_bf_names: 20 bf.o
[4]dump_bf_names: 21 mls.o
[4]dump_bf_names: 24 icon.png
[4]find_nodes: todo node nr:3
[4]export_bash_command: starting 0 jobs
[4]update_checksum_file: bf.o:Sun Sep 22 17:43:35 2024

[4]update_checksum_file: bf.c:Wed Sep  4 13:39:01 2024

[4]conststr_stats: Count: 34
[4]conststr_stats: Memory: 732
global_state='(rules: (  ) ,files:"",nodes: (  ( OUT: ( "bitfield" ) ,IN: ( "bf.o","mls.o" ) ,DEP: ( "icon.png" ) ,REC:"slink",exit_code:"1",id:"1" ) , ( OUT: ( "icon.png" ) ,IN: ( "icon.svg" ) ,REC:"svg2png",exit_code:"0",id:"2" ) , ( REC:"ccompile",IN: ( "bf.c" ) ,OUT: ( "bf.o" ) ,exit_code:"0",id:"3" ) , ( REC:"ccompile",IN: ( "mls.c" ) ,OUT: ( "mls.o" ) ,exit_code:"9",id:"4" )  ) ,loop_count:"3")'
nr_jobs=0
nodes_ready=()
[4]main: error codes: 4
[4]main: error codes: 0
[4]read_checksum: READ:0 INC:8 MAX:4
0 bf.c Wed Sep  4 13:39:01 2024

1 bf.o Sun Sep 22 17:43:35 2024

2 icon.png Sun Sep 22 17:43:35 2024

3 icon.svg Sun Sep 22 17:37:45 2024

-------------
[4]apply_named_rule: rules
[4]apply_named_rule: files
WARNING: bash-make.c Line: 1895 Function: cmd_files
wrong arg list 3
WARNING: bash-make.c Line: 1903 Function: cmd_files
empty str
[4]cmd_files: leaving
[4]apply_named_rule: nodes
[4]apply_named_rule: loop_count
[4]prepare_nodes: update nodes and cache
[4]prepare_nodes: set exit code 0 on node 4
[4]filesunchanged_checksum: changed: mls.o. LEN=4
[4]find_nodes: Node NOT in cached: 0
[4]dump_bf_names: 17 bitfield
[4]find_nodes: deps of node0
[4]dump_bf_names: 20 bf.o
[4]dump_bf_names: 21 mls.o
[4]dump_bf_names: 24 icon.png
[4]find_nodes: todo node nr:0
[4]export_bash_command: starting 1 jobs
[4]update_checksum_file: mls.o:Sun Sep 22 17:43:35 2024

[4]update_checksum_file: mls.c:Wed Sep  4 20:39:20 2024

[4]conststr_stats: Count: 34
[4]conststr_stats: Memory: 732
global_state='(rules: (  ) ,files:"",nodes: (  ( OUT: ( "bitfield" ) ,IN: ( "bf.o","mls.o" ) ,DEP: ( "icon.png" ) ,REC:"slink",exit_code:"1",id:"1" ) , ( OUT: ( "icon.png" ) ,IN: ( "icon.svg" ) ,REC:"svg2png",exit_code:"0",id:"2" ) , ( REC:"ccompile",IN: ( "bf.c" ) ,OUT: ( "bf.o" ) ,exit_code:"0",id:"3" ) , ( REC:"ccompile",IN: ( "mls.c" ) ,OUT: ( "mls.o" ) ,exit_code:"0",id:"4" )  ) ,loop_count:"4")'
nr_jobs=1
node1() {
IN=(bf.o mls.o )
OUT=(bitfield )
slink
store-result 1 $?
}
nodes_ready=(1 )
[4]main: error codes: 1
[4]main: error codes: 0
[4]read_checksum: READ:2 INC:8 MAX:6
0 bf.c Wed Sep  4 13:39:01 2024

1 bf.o Sun Sep 22 17:43:35 2024

2 icon.png Sun Sep 22 17:43:35 2024

3 icon.svg Sun Sep 22 17:37:45 2024

4 mls.c Wed Sep  4 20:39:20 2024

5 mls.o Sun Sep 22 17:43:35 2024

-------------
[4]apply_named_rule: rules
[4]apply_named_rule: files
WARNING: bash-make.c Line: 1895 Function: cmd_files
wrong arg list 3
WARNING: bash-make.c Line: 1903 Function: cmd_files
empty str
[4]cmd_files: leaving
[4]apply_named_rule: nodes
[4]apply_named_rule: loop_count
[4]prepare_nodes: update nodes and cache
[4]prepare_nodes: set exit code 0 on node 1
[4]find_nodes: deps of node0
[4]dump_bf_names: 20 bf.o
[4]dump_bf_names: 21 mls.o
[4]dump_bf_names: 24 icon.png
[4]export_bash_command: starting 0 jobs
[4]update_checksum_file: bitfield:Sun Sep 22 17:43:35 2024

[4]update_checksum_file: bf.o:Sun Sep 22 17:43:35 2024

[4]update_checksum_file: mls.o:Sun Sep 22 17:43:35 2024

[4]conststr_stats: Count: 34
[4]conststr_stats: Memory: 732
global_state='(rules: (  ) ,files:"",nodes: (  ( OUT: ( "bitfield" ) ,IN: ( "bf.o","mls.o" ) ,DEP: ( "icon.png" ) ,REC:"slink",exit_code:"0",id:"1" ) , ( OUT: ( "icon.png" ) ,IN: ( "icon.svg" ) ,REC:"svg2png",exit_code:"0",id:"2" ) , ( REC:"ccompile",IN: ( "bf.c" ) ,OUT: ( "bf.o" ) ,exit_code:"0",id:"3" ) , ( REC:"ccompile",IN: ( "mls.c" ) ,OUT: ( "mls.o" ) ,exit_code:"0",id:"4" )  ) ,loop_count:"5")'
nr_jobs=0
nodes_ready=()
